<?xml version="1.0" encoding="UTF-8" ?>
<testsuite errors="0" failures="0" hostname="GNXN000000-PC" name="hdt3.pkg1.PrincipalTest" skipped="0" tests="1" time="0.858" timestamp="2014-07-30T14:29:24">
  <properties>
[...]
</properties>
  <testcase classname="hdt3.pkg1.PrincipalTest" name="testMain" time="0.702" />
  <system-out><![CDATA[main
LISTA NORMAL
0. 323
1. 1128
2. 1749
3. 1320
4. 703
5. 594
6. 1486
7. 232
8. 1116
9. 216
10. 1789
11. 1044
12. 556
13. 1826
14. 903
15. 302
16. 54
17. 1989
18. 1184
19. 1968
20. 400
21. 815
22. 1877
23. 136
24. 215
25. 704
26. 1865
27. 1370
28. 926
29. 343
30. 938
31. 1748
32. 1535
33. 1191
34. 335
35. 1707
36. 593
37. 425
38. 779
39. 1735
40. 1752
41. 1854
42. 1050
43. 1590
44. 439
45. 671
46. 242
47. 1287
48. 728
49. 1055
50. 298
51. 1387
52. 1357
53. 1661
54. 163
55. 1255
56. 1930
57. 756
58. 926
59. 933
60. 863
61. 442
62. 731
63. 990
64. 1370
65. 1760
66. 875
67. 1316
68. 896
69. 1731
70. 542
71. 200
72. 784
73. 1414
74. 909
75. 1224
76. 700
77. 941
78. 1987
79. 1531
80. 341
81. 1105
82. 1474
83. 824
84. 1308
85. 1623
86. 176
87. 112
88. 669
89. 1420
90. 1075
91. 650
92. 689
93. 431
94. 1011
95. 782
96. 504
97. 1315
98. 1115
99. 1481
100. 1078
101. 1202
102. 632
103. 239
104. 713
105. 141
106. 586
107. 1684
108. 541
109. 269
110. 838
111. 1812
112. 30
113. 1883
114. 536
115. 991
116. 1301
117. 1590
118. 1699
119. 1120
120. 249
121. 1465
122. 728
123. 193
124. 1890
125. 810
126. 997
127. 1304
128. 1191
129. 1458
130. 1399
131. 736
132. 626
133. 1844
134. 653
135. 1089
136. 226
137. 75
138. 1539
139. 680
140. 490
141. 100
142. 831
143. 1388
144. 1632
145. 1758
146. 1600
147. 0
148. 1927
149. 918
150. 864
151. 681
152. 1595
153. 263
154. 1049
155. 720
156. 612
157. 358
158. 660
159. 1883
160. 1122
161. 538
162. 1680
163. 1839
164. 1709
165. 1911
166. 774
167. 1958
168. 1672
169. 293
170. 109
171. 1539
172. 693
173. 1249
174. 1795
175. 1959
176. 781
177. 586
178. 1336
179. 1636
180. 1230
181. 1613
182. 212
183. 1762
184. 1477
185. 1286
186. 1834
187. 1770
188. 1198
189. 942
190. 420
191. 207
192. 1777
193. 1763
194. 1033
195. 1299
196. 354
197. 333
198. 1058
199. 1856
----------------
LISTA ARREGLADA (BubbleSort)
0.0
1.30
2.54
3.75
4.100
5.109
6.112
7.136
8.141
9.163
10.176
11.193
12.200
13.207
14.212
15.215
16.216
17.226
18.232
19.239
20.242
21.249
22.263
23.269
24.293
25.298
26.302
27.323
28.333
29.335
30.341
31.343
32.354
33.358
34.400
35.420
36.425
37.431
38.439
39.442
40.490
41.504
42.536
43.538
44.541
45.542
46.556
47.586
48.586
49.593
50.594
51.612
52.626
53.632
54.650
55.653
56.660
57.669
58.671
59.680
60.681
61.689
62.693
63.700
64.703
65.704
66.713
67.720
68.728
69.728
70.731
71.736
72.756
73.774
74.779
75.781
76.782
77.784
78.810
79.815
80.824
81.831
82.838
83.863
84.864
85.875
86.896
87.903
88.909
89.918
90.926
91.926
92.933
93.938
94.941
95.942
96.990
97.991
98.997
99.1011
100.1033
101.1044
102.1049
103.1050
104.1055
105.1058
106.1075
107.1078
108.1089
109.1105
110.1115
111.1116
112.1120
113.1122
114.1128
115.1184
116.1191
117.1191
118.1198
119.1202
120.1224
121.1230
122.1249
123.1255
124.1286
125.1287
126.1299
127.1301
128.1304
129.1308
130.1315
131.1316
132.1320
133.1336
134.1357
135.1370
136.1370
137.1387
138.1388
139.1399
140.1414
141.1420
142.1458
143.1465
144.1474
145.1477
146.1481
147.1486
148.1531
149.1535
150.1539
151.1539
152.1590
153.1590
154.1595
155.1600
156.1613
157.1623
158.1632
159.1636
160.1661
161.1672
162.1680
163.1684
164.1699
165.1707
166.1709
167.1731
168.1735
169.1748
170.1749
171.1752
172.1758
173.1760
174.1762
175.1763
176.1770
177.1777
178.1789
179.1795
180.1812
181.1826
182.1834
183.1839
184.1844
185.1854
186.1856
187.1865
188.1877
189.1883
190.1883
191.1890
192.1911
193.1927
194.1930
195.1958
196.1959
197.1968
198.1987
199.1989
LISTA NORMAL
0. 0
1. 30
2. 54
3. 75
4. 100
5. 109
6. 112
7. 136
8. 141
9. 163
10. 176
11. 193
12. 200
13. 207
14. 212
15. 215
16. 216
17. 226
18. 232
19. 239
20. 242
21. 249
22. 263
23. 269
24. 293
25. 298
26. 302
27. 323
28. 333
29. 335
30. 341
31. 343
32. 354
33. 358
34. 400
35. 420
36. 425
37. 431
38. 439
39. 442
40. 490
41. 504
42. 536
43. 538
44. 541
45. 542
46. 556
47. 586
48. 586
49. 593
50. 594
51. 612
52. 626
53. 632
54. 650
55. 653
56. 660
57. 669
58. 671
59. 680
60. 681
61. 689
62. 693
63. 700
64. 703
65. 704
66. 713
67. 720
68. 728
69. 728
70. 731
71. 736
72. 756
73. 774
74. 779
75. 781
76. 782
77. 784
78. 810
79. 815
80. 824
81. 831
82. 838
83. 863
84. 864
85. 875
86. 896
87. 903
88. 909
89. 918
90. 926
91. 926
92. 933
93. 938
94. 941
95. 942
96. 990
97. 991
98. 997
99. 1011
100. 1033
101. 1044
102. 1049
103. 1050
104. 1055
105. 1058
106. 1075
107. 1078
108. 1089
109. 1105
110. 1115
111. 1116
112. 1120
113. 1122
114. 1128
115. 1184
116. 1191
117. 1191
118. 1198
119. 1202
120. 1224
121. 1230
122. 1249
123. 1255
124. 1286
125. 1287
126. 1299
127. 1301
128. 1304
129. 1308
130. 1315
131. 1316
132. 1320
133. 1336
134. 1357
135. 1370
136. 1370
137. 1387
138. 1388
139. 1399
140. 1414
141. 1420
142. 1458
143. 1465
144. 1474
145. 1477
146. 1481
147. 1486
148. 1531
149. 1535
150. 1539
151. 1539
152. 1590
153. 1590
154. 1595
155. 1600
156. 1613
157. 1623
158. 1632
159. 1636
160. 1661
161. 1672
162. 1680
163. 1684
164. 1699
165. 1707
166. 1709
167. 1731
168. 1735
169. 1748
170. 1749
171. 1752
172. 1758
173. 1760
174. 1762
175. 1763
176. 1770
177. 1777
178. 1789
179. 1795
180. 1812
181. 1826
182. 1834
183. 1839
184. 1844
185. 1854
186. 1856
187. 1865
188. 1877
189. 1883
190. 1883
191. 1890
192. 1911
193. 1927
194. 1930
195. 1958
196. 1959
197. 1968
198. 1987
199. 1989
LISTA ARREGLADA (InsertionSort)
0.0
1.30
2.54
3.75
4.100
5.109
6.112
7.136
8.141
9.163
10.176
11.193
12.200
13.207
14.212
15.215
16.216
17.226
18.232
19.239
20.242
21.249
22.263
23.269
24.293
25.298
26.302
27.323
28.333
29.335
30.341
31.343
32.354
33.358
34.400
35.420
36.425
37.431
38.439
39.442
40.490
41.504
42.536
43.538
44.541
45.542
46.556
47.586
48.586
49.593
50.594
51.612
52.626
53.632
54.650
55.653
56.660
57.669
58.671
59.680
60.681
61.689
62.693
63.700
64.703
65.704
66.713
67.720
68.728
69.728
70.731
71.736
72.756
73.774
74.779
75.781
76.782
77.784
78.810
79.815
80.824
81.831
82.838
83.863
84.864
85.875
86.896
87.903
88.909
89.918
90.926
91.926
92.933
93.938
94.941
95.942
96.990
97.991
98.997
99.1011
100.1033
101.1044
102.1049
103.1050
104.1055
105.1058
106.1075
107.1078
108.1089
109.1105
110.1115
111.1116
112.1120
113.1122
114.1128
115.1184
116.1191
117.1191
118.1198
119.1202
120.1224
121.1230
122.1249
123.1255
124.1286
125.1287
126.1299
127.1301
128.1304
129.1308
130.1315
131.1316
132.1320
133.1336
134.1357
135.1370
136.1370
137.1387
138.1388
139.1399
140.1414
141.1420
142.1458
143.1465
144.1474
145.1477
146.1481
147.1486
148.1531
149.1535
150.1539
151.1539
152.1590
153.1590
154.1595
155.1600
156.1613
157.1623
158.1632
159.1636
160.1661
161.1672
162.1680
163.1684
164.1699
165.1707
166.1709
167.1731
168.1735
169.1748
170.1749
171.1752
172.1758
173.1760
174.1762
175.1763
176.1770
177.1777
178.1789
179.1795
180.1812
181.1826
182.1834
183.1839
184.1844
185.1854
186.1856
187.1865
188.1877
189.1883
190.1883
191.1890
192.1911
193.1927
194.1930
195.1958
196.1959
197.1968
198.1987
199.1989
LISTA NORMAL
0. 0
1. 30
2. 54
3. 75
4. 100
5. 109
6. 112
7. 136
8. 141
9. 163
10. 176
11. 193
12. 200
13. 207
14. 212
15. 215
16. 216
17. 226
18. 232
19. 239
20. 242
21. 249
22. 263
23. 269
24. 293
25. 298
26. 302
27. 323
28. 333
29. 335
30. 341
31. 343
32. 354
33. 358
34. 400
35. 420
36. 425
37. 431
38. 439
39. 442
40. 490
41. 504
42. 536
43. 538
44. 541
45. 542
46. 556
47. 586
48. 586
49. 593
50. 594
51. 612
52. 626
53. 632
54. 650
55. 653
56. 660
57. 669
58. 671
59. 680
60. 681
61. 689
62. 693
63. 700
64. 703
65. 704
66. 713
67. 720
68. 728
69. 728
70. 731
71. 736
72. 756
73. 774
74. 779
75. 781
76. 782
77. 784
78. 810
79. 815
80. 824
81. 831
82. 838
83. 863
84. 864
85. 875
86. 896
87. 903
88. 909
89. 918
90. 926
91. 926
92. 933
93. 938
94. 941
95. 942
96. 990
97. 991
98. 997
99. 1011
100. 1033
101. 1044
102. 1049
103. 1050
104. 1055
105. 1058
106. 1075
107. 1078
108. 1089
109. 1105
110. 1115
111. 1116
112. 1120
113. 1122
114. 1128
115. 1184
116. 1191
117. 1191
118. 1198
119. 1202
120. 1224
121. 1230
122. 1249
123. 1255
124. 1286
125. 1287
126. 1299
127. 1301
128. 1304
129. 1308
130. 1315
131. 1316
132. 1320
133. 1336
134. 1357
135. 1370
136. 1370
137. 1387
138. 1388
139. 1399
140. 1414
141. 1420
142. 1458
143. 1465
144. 1474
145. 1477
146. 1481
147. 1486
148. 1531
149. 1535
150. 1539
151. 1539
152. 1590
153. 1590
154. 1595
155. 1600
156. 1613
157. 1623
158. 1632
159. 1636
160. 1661
161. 1672
162. 1680
163. 1684
164. 1699
165. 1707
166. 1709
167. 1731
168. 1735
169. 1748
170. 1749
171. 1752
172. 1758
173. 1760
174. 1762
175. 1763
176. 1770
177. 1777
178. 1789
179. 1795
180. 1812
181. 1826
182. 1834
183. 1839
184. 1844
185. 1854
186. 1856
187. 1865
188. 1877
189. 1883
190. 1883
191. 1890
192. 1911
193. 1927
194. 1930
195. 1958
196. 1959
197. 1968
198. 1987
199. 1989
LISTA ARREGLADA (QuickSort)
0.0
1.30
2.54
3.75
4.100
5.109
6.112
7.136
8.141
9.163
10.176
11.193
12.200
13.207
14.212
15.215
16.216
17.226
18.232
19.239
20.242
21.249
22.263
23.269
24.293
25.298
26.302
27.323
28.333
29.335
30.341
31.343
32.354
33.358
34.400
35.420
36.425
37.431
38.439
39.442
40.490
41.504
42.536
43.538
44.541
45.542
46.556
47.586
48.586
49.593
50.594
51.612
52.626
53.632
54.650
55.653
56.660
57.669
58.671
59.680
60.681
61.689
62.693
63.700
64.703
65.704
66.713
67.720
68.728
69.728
70.731
71.736
72.756
73.774
74.779
75.781
76.782
77.784
78.810
79.815
80.824
81.831
82.838
83.863
84.864
85.875
86.896
87.903
88.909
89.918
90.926
91.926
92.933
93.938
94.941
95.942
96.990
97.991
98.997
99.1011
100.1033
101.1044
102.1049
103.1050
104.1055
105.1058
106.1075
107.1078
108.1089
109.1105
110.1115
111.1116
112.1120
113.1122
114.1128
115.1184
116.1191
117.1191
118.1198
119.1202
120.1224
121.1230
122.1249
123.1255
124.1286
125.1287
126.1299
127.1301
128.1304
129.1308
130.1315
131.1316
132.1320
133.1336
134.1357
135.1370
136.1370
137.1387
138.1388
139.1399
140.1414
141.1420
142.1458
143.1465
144.1474
145.1477
146.1481
147.1486
148.1531
149.1535
150.1539
151.1539
152.1590
153.1590
154.1595
155.1600
156.1613
157.1623
158.1632
159.1636
160.1661
161.1672
162.1680
163.1684
164.1699
165.1707
166.1709
167.1731
168.1735
169.1748
170.1749
171.1752
172.1758
173.1760
174.1762
175.1763
176.1770
177.1777
178.1789
179.1795
180.1812
181.1826
182.1834
183.1839
184.1844
185.1854
186.1856
187.1865
188.1877
189.1883
190.1883
191.1890
192.1911
193.1927
194.1930
195.1958
196.1959
197.1968
198.1987
199.1989
LISTA NORMAL
0. 0
1. 30
2. 54
3. 75
4. 100
5. 109
6. 112
7. 136
8. 141
9. 163
10. 176
11. 193
12. 200
13. 207
14. 212
15. 215
16. 216
17. 226
18. 232
19. 239
20. 242
21. 249
22. 263
23. 269
24. 293
25. 298
26. 302
27. 323
28. 333
29. 335
30. 341
31. 343
32. 354
33. 358
34. 400
35. 420
36. 425
37. 431
38. 439
39. 442
40. 490
41. 504
42. 536
43. 538
44. 541
45. 542
46. 556
47. 586
48. 586
49. 593
50. 594
51. 612
52. 626
53. 632
54. 650
55. 653
56. 660
57. 669
58. 671
59. 680
60. 681
61. 689
62. 693
63. 700
64. 703
65. 704
66. 713
67. 720
68. 728
69. 728
70. 731
71. 736
72. 756
73. 774
74. 779
75. 781
76. 782
77. 784
78. 810
79. 815
80. 824
81. 831
82. 838
83. 863
84. 864
85. 875
86. 896
87. 903
88. 909
89. 918
90. 926
91. 926
92. 933
93. 938
94. 941
95. 942
96. 990
97. 991
98. 997
99. 1011
100. 1033
101. 1044
102. 1049
103. 1050
104. 1055
105. 1058
106. 1075
107. 1078
108. 1089
109. 1105
110. 1115
111. 1116
112. 1120
113. 1122
114. 1128
115. 1184
116. 1191
117. 1191
118. 1198
119. 1202
120. 1224
121. 1230
122. 1249
123. 1255
124. 1286
125. 1287
126. 1299
127. 1301
128. 1304
129. 1308
130. 1315
131. 1316
132. 1320
133. 1336
134. 1357
135. 1370
136. 1370
137. 1387
138. 1388
139. 1399
140. 1414
141. 1420
142. 1458
143. 1465
144. 1474
145. 1477
146. 1481
147. 1486
148. 1531
149. 1535
150. 1539
151. 1539
152. 1590
153. 1590
154. 1595
155. 1600
156. 1613
157. 1623
158. 1632
159. 1636
160. 1661
161. 1672
162. 1680
163. 1684
164. 1699
165. 1707
166. 1709
167. 1731
168. 1735
169. 1748
170. 1749
171. 1752
172. 1758
173. 1760
174. 1762
175. 1763
176. 1770
177. 1777
178. 1789
179. 1795
180. 1812
181. 1826
182. 1834
183. 1839
184. 1844
185. 1854
186. 1856
187. 1865
188. 1877
189. 1883
190. 1883
191. 1890
192. 1911
193. 1927
194. 1930
195. 1958
196. 1959
197. 1968
198. 1987
199. 1989
LISTA ARREGLADA (MergeSort)
0.0
1.30
2.54
3.75
4.100
5.109
6.112
7.136
8.141
9.163
10.176
11.193
12.200
13.207
14.212
15.215
16.216
17.226
18.232
19.239
20.242
21.249
22.263
23.269
24.293
25.298
26.302
27.323
28.333
29.335
30.341
31.343
32.354
33.358
34.400
35.420
36.425
37.431
38.439
39.442
40.490
41.504
42.536
43.538
44.541
45.542
46.556
47.586
48.586
49.593
50.594
51.612
52.626
53.632
54.650
55.653
56.660
57.669
58.671
59.680
60.681
61.689
62.693
63.700
64.703
65.704
66.713
67.720
68.728
69.728
70.731
71.736
72.756
73.774
74.779
75.781
76.782
77.784
78.810
79.815
80.824
81.831
82.838
83.863
84.864
85.875
86.896
87.903
88.909
89.918
90.926
91.926
92.933
93.938
94.941
95.942
96.990
97.991
98.997
99.1011
100.1033
101.1044
102.1049
103.1050
104.1055
105.1058
106.1075
107.1078
108.1089
109.1105
110.1115
111.1116
112.1120
113.1122
114.1128
115.1184
116.1191
117.1191
118.1198
119.1202
120.1224
121.1230
122.1249
123.1255
124.1286
125.1287
126.1299
127.1301
128.1304
129.1308
130.1315
131.1316
132.1320
133.1336
134.1357
135.1370
136.1370
137.1387
138.1388
139.1399
140.1414
141.1420
142.1458
143.1465
144.1474
145.1477
146.1481
147.1486
148.1531
149.1535
150.1539
151.1539
152.1590
153.1590
154.1595
155.1600
156.1613
157.1623
158.1632
159.1636
160.1661
161.1672
162.1680
163.1684
164.1699
165.1707
166.1709
167.1731
168.1735
169.1748
170.1749
171.1752
172.1758
173.1760
174.1762
175.1763
176.1770
177.1777
178.1789
179.1795
180.1812
181.1826
182.1834
183.1839
184.1844
185.1854
186.1856
187.1865
188.1877
189.1883
190.1883
191.1890
192.1911
193.1927
194.1930
195.1958
196.1959
197.1968
198.1987
199.1989
LISTA NORMAL
0. 0
1. 30
2. 54
3. 75
4. 100
5. 109
6. 112
7. 136
8. 141
9. 163
10. 176
11. 193
12. 200
13. 207
14. 212
15. 215
16. 216
17. 226
18. 232
19. 239
20. 242
21. 249
22. 263
23. 269
24. 293
25. 298
26. 302
27. 323
28. 333
29. 335
30. 341
31. 343
32. 354
33. 358
34. 400
35. 420
36. 425
37. 431
38. 439
39. 442
40. 490
41. 504
42. 536
43. 538
44. 541
45. 542
46. 556
47. 586
48. 586
49. 593
50. 594
51. 612
52. 626
53. 632
54. 650
55. 653
56. 660
57. 669
58. 671
59. 680
60. 681
61. 689
62. 693
63. 700
64. 703
65. 704
66. 713
67. 720
68. 728
69. 728
70. 731
71. 736
72. 756
73. 774
74. 779
75. 781
76. 782
77. 784
78. 810
79. 815
80. 824
81. 831
82. 838
83. 863
84. 864
85. 875
86. 896
87. 903
88. 909
89. 918
90. 926
91. 926
92. 933
93. 938
94. 941
95. 942
96. 990
97. 991
98. 997
99. 1011
100. 1033
101. 1044
102. 1049
103. 1050
104. 1055
105. 1058
106. 1075
107. 1078
108. 1089
109. 1105
110. 1115
111. 1116
112. 1120
113. 1122
114. 1128
115. 1184
116. 1191
117. 1191
118. 1198
119. 1202
120. 1224
121. 1230
122. 1249
123. 1255
124. 1286
125. 1287
126. 1299
127. 1301
128. 1304
129. 1308
130. 1315
131. 1316
132. 1320
133. 1336
134. 1357
135. 1370
136. 1370
137. 1387
138. 1388
139. 1399
140. 1414
141. 1420
142. 1458
143. 1465
144. 1474
145. 1477
146. 1481
147. 1486
148. 1531
149. 1535
150. 1539
151. 1539
152. 1590
153. 1590
154. 1595
155. 1600
156. 1613
157. 1623
158. 1632
159. 1636
160. 1661
161. 1672
162. 1680
163. 1684
164. 1699
165. 1707
166. 1709
167. 1731
168. 1735
169. 1748
170. 1749
171. 1752
172. 1758
173. 1760
174. 1762
175. 1763
176. 1770
177. 1777
178. 1789
179. 1795
180. 1812
181. 1826
182. 1834
183. 1839
184. 1844
185. 1854
186. 1856
187. 1865
188. 1877
189. 1883
190. 1883
191. 1890
192. 1911
193. 1927
194. 1930
195. 1958
196. 1959
197. 1968
198. 1987
199. 1989
]]></system-out>
  <system-err><![CDATA[]]></system-err>
</testsuite>
